2025-08-13 01:35:34 | INFO     | [] Клиент запросил инициализацию LangDock...
2025-08-13 01:35:34 | DEBUG    | [] API KEY: AIzaSyAxxbcHisBERkmy8-6V8BuymFUg9Qkv4zI
2025-08-13 01:35:34 | SUCCESS  | [] LangDock инициализирован успешно!
2025-08-13 01:35:36 | INFO     | [] Клиент запросил обновление ИИ данных...
2025-08-13 01:35:36 | SUCCESS  | [] ИИ данные обновлены!
2025-08-13 01:35:42 | INFO     | [] Клиент запросил вопрос AI: [meta_data]
01:35:42
Страна: Россия Город: Сергиев Посад
method: text
Не забывай использовать message, иначе пользователь не увидт твоего сообщения
[user_message]
Привет
2025-08-13 01:35:42 | SUCCESS  | [] Ответ ИИ: Произошла ошибка при обращении к API. Проверьте модуль.
2025-08-13 01:35:42 | ERROR    | [] Результат выполнения не является строкой.
2025-08-13 01:35:49 | INFO     | [] Клиент запросил вопрос AI: [meta_data]
01:35:49
Страна: Россия Город: Сергиев Посад
method: text
Не забывай использовать message, иначе пользователь не увидт твоего сообщения
[user_message]
Привет
2025-08-13 01:35:49 | SUCCESS  | [] Ответ ИИ: Произошла ошибка при обращении к API. Проверьте модуль.
2025-08-13 01:35:49 | ERROR    | [] Результат выполнения не является строкой.
2025-08-13 01:52:28 | INFO     | [] Клиент запросил создание нового чата
2025-08-13 01:52:28 | SUCCESS  | [] Создан новый чат: CHAT_ID=2bf9d87a-c58e-40fd-b124-649508866ff7
2025-08-13 01:52:29 | INFO     | [] Клиент запросил вопрос AI: [meta_data]
01:52:29

method: text
Не забывай использовать message, иначе пользователь не увидт твоего сообщения
[user_message]
Привет
2025-08-13 01:52:29 | SUCCESS  | [] Ответ ИИ: Произошла ошибка при обращении к API. Проверьте модуль.
2025-08-13 01:52:29 | ERROR    | [] Результат выполнения не является строкой.
