2025-08-10 17:27:58 | INFO     | [] Клиент запросил создание нового чата
2025-08-10 17:27:58 | SUCCESS  | [] Создан новый чат: CHAT_ID=36af3cdb-d97b-49aa-9e21-66ae4017b964
2025-08-10 17:28:18 | ERROR    | [] LangDock не инициализирован.
2025-08-10 17:28:31 | INFO     | [] Клиент запросил обновление ИИ данных...
2025-08-10 17:28:31 | SUCCESS  | [] ИИ данные обновлены!
2025-08-10 17:28:39 | INFO     | [] Клиент запросил обновление ИИ данных...
2025-08-10 17:28:39 | SUCCESS  | [] ИИ данные обновлены!
2025-08-10 17:29:59 | INFO     | [] Клиент запросил инициализацию LangDock...
2025-08-10 17:29:59 | DEBUG    | [] API KEY: AIzaSyAxxbcHisBERkmy8-6V8BuymFUg9Qkv4zI
2025-08-10 17:30:01 | SUCCESS  | [] LangDock инициализирован успешно!
2025-08-10 17:30:02 | INFO     | [] Клиент запросил обновление ИИ данных...
2025-08-10 17:30:02 | SUCCESS  | [] ИИ данные обновлены!
2025-08-10 17:31:33 | INFO     | [] Клиент запросил вопрос AI: [meta_data]
17:31:33
Страна: Россия Город: Сергиев Посад
method: text
Не забывай использовать message, иначе пользователь не увидт твоего сообщения
[user_message]
Что такое пребиотик
2025-08-10 17:31:35 | SUCCESS  | [] Ответ ИИ: message Пребиотики — это неперевариваемые компоненты пищи, которые стимулируют рост и активность полезных бактерий в кишечнике.
2025-08-10 17:31:35 | INFO     | [] Обновляем историю чата 36af3cdb-d97b-49aa-9e21-66ae4017b964...
2025-08-10 19:23:34 | INFO     | [] Клиент запросил создание нового чата
2025-08-10 19:23:34 | SUCCESS  | [] Создан новый чат: CHAT_ID=ef39e712-d032-47ca-9f88-124b85b965ed
2025-08-10 19:23:34 | INFO     | [] Клиент запросил вопрос AI: [meta_data]
19:23:35
Страна: Россия Город: Сергиев Посад
method: text
Не забывай использовать message, иначе пользователь не увидт твоего сообщения
[user_message]
Как дела
2025-08-10 19:23:35 | SUCCESS  | [] Ответ ИИ: message <B>АЭлит</B> на связи, сэр. Всё отлично, готов к вашим командам!
2025-08-10 19:23:35 | INFO     | [] Обновляем историю чата ef39e712-d032-47ca-9f88-124b85b965ed...
2025-08-10 19:28:50 | INFO     | [] Клиент запросил вопрос AI: [meta_data]
19:28:51
Страна: Россия Город: Сергиев Посад
method: text
Не забывай использовать message, иначе пользователь не увидт твоего сообщения
[user_message]
Как погода
2025-08-10 19:28:51 | SUCCESS  | [] Ответ ИИ: get meteostation Сергиев-Посад
2025-08-10 19:28:53 | SUCCESS  | [] Ответ ИИ: message В Сергиевом Посаде сейчас <B>восемнадцать целых девять десятых градуса Цельсия</B>, ощущается как <B>тринадцать целых две десятых</B>. Ветер <B>пять целых одна десятая километра в час</B>, влажность <B>девяносто девять процентов</B>.
2025-08-10 19:28:53 | INFO     | [] Обновляем историю чата ef39e712-d032-47ca-9f88-124b85b965ed...
2025-08-10 19:29:21 | INFO     | [] Клиент запросил вопрос AI: [meta_data]
19:29:22
Страна: Россия Город: Сергиев Посад
method: text
Не забывай использовать message, иначе пользователь не увидт твоего сообщения
[user_message]
Method был текст, ответить правильно
2025-08-10 19:29:24 | SUCCESS  | [] Ответ ИИ: message <B>Принято, сэр.</B> Моя ошибка. В Сергиевом Посаде сейчас <B>18.9°C</B>, ощущается как <B>13.2°C</B>. Ветер <B>5.1 км/ч</B>, влажность <B>99%</B>.
2025-08-10 19:29:24 | INFO     | [] Обновляем историю чата ef39e712-d032-47ca-9f88-124b85b965ed...
2025-08-10 20:01:42 | INFO     | [] Клиент запросил вопрос AI: [meta_data]
20:01:43
Страна: Россия Город: Сергиев Посад
method: text
Не забывай использовать message, иначе пользователь не увидт твоего сообщения
[user_message]
Что такое крипта, не в смысле криптовалюта
2025-08-10 20:01:45 | SUCCESS  | [] Ответ ИИ: message <B>Крипта</B>, если не брать в расчет криптовалюту, чаще всего означает <I>подземное или полуподземное помещение</I>, обычно используемое для захоронений, например, в церквях или соборах. Также это может быть <I>скрытое или тайное место</I>.
2025-08-10 20:01:45 | INFO     | [] Обновляем историю чата ef39e712-d032-47ca-9f88-124b85b965ed...
2025-08-10 20:16:57 | INFO     | [] Клиент запросил создание нового чата
2025-08-10 20:16:57 | SUCCESS  | [] Создан новый чат: CHAT_ID=191a69b8-85cf-4e5a-b793-32cf7c7515a2
2025-08-10 20:17:08 | INFO     | [] Клиент запросил вопрос AI: [meta_data]
20:17:09
Страна: Россия Город: Сергиев Посад
method: audio
Не забывай использовать message, иначе пользователь не увидт твоего сообщения
[user_message]
дай ссылку на YouTube
2025-08-10 20:17:12 | SUCCESS  | [] Ответ ИИ: message Вы можете найти YouTube по адресу https://www.youtube.com
2025-08-10 20:17:12 | INFO     | [] Обновляем историю чата 191a69b8-85cf-4e5a-b793-32cf7c7515a2...
2025-08-10 20:17:22 | INFO     | [] Клиент запросил вопрос AI: [meta_data]
20:17:24
Страна: Россия Город: Сергиев Посад
method: audio
Не забывай использовать message, иначе пользователь не увидт твоего сообщения
[user_message]
дай кликабельную ссылку на YouTube
2025-08-10 20:17:25 | SUCCESS  | [] Ответ ИИ: message В голосовом режиме я не могу предоставить кликабельную ссылку, но адрес Ютуба — это Эйч Ти Ти Пи Эс двоеточие двойной слэш дабл ю дабл ю дабл ю точка ютуб точка ком.
2025-08-10 20:17:25 | INFO     | [] Обновляем историю чата 191a69b8-85cf-4e5a-b793-32cf7c7515a2...
